<?xml version="1.0" encoding="UTF-8"?>
<!-- Generated by org.testng.reporters.JUnitReportReporter -->
<testsuite skipped="0" hostname="INC02RD37CG8WP" name="script.Testcase4" tests="1" failures="0" timestamp="26 Dec 2017 12:44:21 GMT" time="16.947" errors="0">
  <testcase name="compareTwoproducts" time="16.947" classname="script.Testcase4"/>
</testsuite> <!-- script.Testcase4 -->
