<?xml version="1.0" encoding="UTF-8"?>
<!-- Generated by org.testng.reporters.JUnitReportReporter -->
<testsuite skipped="0" hostname="INC02RD37CG8WP" name="script.Testcase3" tests="1" failures="0" timestamp="26 Dec 2017 12:42:44 GMT" time="20.656" errors="0">
  <testcase name="verifyUsercannotAddmoreproductthantheproductavailable" time="20.656" classname="script.Testcase3"/>
</testsuite> <!-- script.Testcase3 -->
