<?xml version="1.0" encoding="UTF-8"?>
<!-- Generated by org.testng.reporters.JUnitReportReporter -->
<testsuite skipped="0" hostname="INC02RD37CG8WP" name="script.Homepage" tests="1" failures="0" timestamp="27 Dec 2017 10:26:25 GMT" time="15.584" errors="0">
  <testcase name="verifyDemopageTitle" time="15.584" classname="script.Homepage"/>
</testsuite> <!-- script.Homepage -->
