<?xml version="1.0" encoding="UTF-8"?>
<!-- Generated by org.testng.reporters.JUnitReportReporter -->
<testsuite skipped="0" hostname="INC02RD37CG8WP" name="script.Mobile" tests="1" failures="0" timestamp="12 Dec 2017 06:56:54 GMT" time="8.815" errors="0">
  <testcase name="verifyPriceofSonyxperia" time="8.815" classname="script.Mobile"/>
</testsuite> <!-- script.Mobile -->
